<?xml version="1.0" encoding="UTF-8"?>
<!-- Generated by org.testng.reporters.JUnitReportReporter -->
<testsuite skipped="0" hostname="Lenovo" name="org.task.Task1" tests="2" failures="0" timestamp="23 Nov 2022 15:39:50 GMT" time="45.284" errors="0">
  <testcase name="tc1" time="21.081" classname="org.task.Task1"/>
  <testcase name="tc1" time="24.203" classname="org.task.Task1"/>
</testsuite> <!-- org.task.Task1 -->
